app/build/intermediates/manifest_merge_blame_file/debug/manifest-merger-blame-debug-report.txt
1<?xml version="1.0" encoding="utf-8"?>
2<manifest xmlns:android="http://schemas.android.com/apk/res/android"
3    package="com.google.firebase.ml.md"
4    android:installLocation="auto"
5    android:versionCode="1"
6    android:versionName="1.0" >
7
8    <uses-sdk
9        android:minSdkVersion="19"
9-->src\main\AndroidManifest.xml
10        android:targetSdkVersion="28" />
10-->src\main\AndroidManifest.xml
11    <!-- package="com.google.firebase.ml.md" -->
12    <uses-feature android:name="android.hardware.camera" />
12-->src\main\AndroidManifest.xml:7:5-60
12-->src\main\AndroidManifest.xml:7:19-57
13    <uses-feature android:name="android.hardware.camera.autofocus" />
13-->src\main\AndroidManifest.xml:8:5-70
13-->src\main\AndroidManifest.xml:8:19-67
14
15    <uses-permission android:name="android.permission.INTERNET" />
15-->src\main\AndroidManifest.xml:10:5-67
15-->src\main\AndroidManifest.xml:10:22-64
16    <uses-permission android:name="android.permission.CAMERA" />
16-->src\main\AndroidManifest.xml:11:5-65
16-->src\main\AndroidManifest.xml:11:22-62
17
18    <!-- Although the *SdkVersion is captured in gradle build files, this is required for non gradle builds -->
19    <!-- <uses-sdk android:minSdkVersion="14" /> -->
20    <uses-permission android:name="android.permission.ACCESS_NETWORK_STATE" />
20-->[com.google.firebase:firebase-firestore:21.2.1] AndroidManifest.xml:13:5-79
20-->[com.google.firebase:firebase-firestore:21.2.1] AndroidManifest.xml:13:22-76
21    <uses-permission android:name="android.permission.WAKE_LOCK" />
21-->[com.google.firebase:firebase-measurement-connector-impl:17.0.2] AndroidManifest.xml:24:5-68
21-->[com.google.firebase:firebase-measurement-connector-impl:17.0.2] AndroidManifest.xml:24:22-65
22    <uses-permission android:name="com.google.android.finsky.permission.BIND_GET_INSTALL_REFERRER_SERVICE" /> <!-- Required by older versions of Google Play services to create IID tokens -->
22-->[com.google.firebase:firebase-analytics:16.0.4] AndroidManifest.xml:26:5-110
22-->[com.google.firebase:firebase-analytics:16.0.4] AndroidManifest.xml:26:22-107
23    <uses-permission android:name="com.google.android.c2dm.permission.RECEIVE" />
23-->[com.google.firebase:firebase-iid:19.0.0] AndroidManifest.xml:26:5-82
23-->[com.google.firebase:firebase-iid:19.0.0] AndroidManifest.xml:26:22-79
24
25    <application
25-->src\main\AndroidManifest.xml:13:5-64:19
26        android:name="androidx.multidex.MultiDexApplication"
27        android:allowBackup="false"
27-->src\main\AndroidManifest.xml:14:9-36
28        android:appComponentFactory="androidx.core.app.CoreComponentFactory"
28-->[androidx.core:core:1.1.0] AndroidManifest.xml:24:18-86
29        android:debuggable="true"
30        android:icon="@drawable/tapaklogo_green"
30-->src\main\AndroidManifest.xml:15:9-49
31        android:label="@string/app_name"
31-->src\main\AndroidManifest.xml:16:9-41
32        android:supportsRtl="true"
32-->src\main\AndroidManifest.xml:17:9-35
33        android:testOnly="true"
34        android:theme="@style/AppTheme" >
34-->src\main\AndroidManifest.xml:18:9-40
35        <meta-data
35-->src\main\AndroidManifest.xml:21:9-23:69
36            android:name="com.google.android.gms.version"
36-->src\main\AndroidManifest.xml:22:13-58
37            android:value="@integer/google_play_services_version" />
37-->src\main\AndroidManifest.xml:23:13-66
38
39        <activity
39-->src\main\AndroidManifest.xml:25:9-36:20
40            android:name="com.google.firebase.ml.md.EntryChoiceActivity"
40-->src\main\AndroidManifest.xml:26:13-48
41            android:exported="true"
41-->src\main\AndroidManifest.xml:27:13-36
42            android:screenOrientation="portrait"
42-->src\main\AndroidManifest.xml:28:13-49
43            android:theme="@style/Theme.AppCompat.DayNight.NoActionBar" >
43-->src\main\AndroidManifest.xml:29:13-72
44            <intent-filter>
44-->src\main\AndroidManifest.xml:31:13-35:29
45                <action android:name="android.intent.action.MAIN" />
45-->src\main\AndroidManifest.xml:32:17-69
45-->src\main\AndroidManifest.xml:32:25-66
46
47                <category android:name="android.intent.category.LAUNCHER" />
47-->src\main\AndroidManifest.xml:34:17-77
47-->src\main\AndroidManifest.xml:34:27-74
48            </intent-filter>
49        </activity>
50        <activity
50-->src\main\AndroidManifest.xml:37:9-40:52
51            android:name="com.google.firebase.ml.md.java.MainActivity"
51-->src\main\AndroidManifest.xml:38:13-46
52            android:exported="false"
52-->src\main\AndroidManifest.xml:39:13-37
53            android:screenOrientation="portrait" />
53-->src\main\AndroidManifest.xml:40:13-49
54        <activity
54-->src\main\AndroidManifest.xml:42:9-45:15
55            android:name="com.google.firebase.ml.md.java.login"
55-->src\main\AndroidManifest.xml:43:13-39
56            android:theme="@style/Theme.AppCompat.DayNight.NoActionBar" />
56-->src\main\AndroidManifest.xml:44:13-72
57        <activity
57-->src\main\AndroidManifest.xml:47:9-50:15
58            android:name="com.google.firebase.ml.md.java.register"
58-->src\main\AndroidManifest.xml:48:13-42
59            android:theme="@style/Theme.AppCompat.DayNight.NoActionBar" />
59-->src\main\AndroidManifest.xml:49:13-72
60        <activity
60-->src\main\AndroidManifest.xml:52:9-56:52
61            android:name="com.google.firebase.ml.md.java.LiveBarcodeScanningActivity"
61-->src\main\AndroidManifest.xml:53:13-61
62            android:exported="false"
62-->src\main\AndroidManifest.xml:55:13-37
63            android:label=""
63-->src\main\AndroidManifest.xml:54:13-29
64            android:screenOrientation="portrait" />
64-->src\main\AndroidManifest.xml:56:13-49
65        <activity
65-->src\main\AndroidManifest.xml:58:9-63:60
66            android:name="com.google.firebase.ml.md.java.settings.SettingsActivity"
66-->src\main\AndroidManifest.xml:59:13-59
67            android:exported="false"
67-->src\main\AndroidManifest.xml:60:13-37
68            android:label="@string/settings_title"
68-->src\main\AndroidManifest.xml:61:13-51
69            android:screenOrientation="portrait"
69-->src\main\AndroidManifest.xml:62:13-49
70            android:theme="@style/Theme.AppCompat.Light" />
70-->src\main\AndroidManifest.xml:63:13-57
71
72        <service
72-->[com.google.firebase:firebase-firestore:21.2.1] AndroidManifest.xml:17:9-23:19
73            android:name="com.google.firebase.components.ComponentDiscoveryService"
73-->[com.google.firebase:firebase-firestore:21.2.1] AndroidManifest.xml:18:13-84
74            android:directBootAware="true"
74-->[com.google.firebase:firebase-common:19.2.0] AndroidManifest.xml:15:13-43
75            android:exported="false" >
75-->[com.google.firebase:firebase-firestore:21.2.1] AndroidManifest.xml:19:13-37
76            <meta-data
76-->[com.google.firebase:firebase-firestore:21.2.1] AndroidManifest.xml:20:13-22:85
77                android:name="com.google.firebase.components:com.google.firebase.firestore.FirestoreRegistrar"
77-->[com.google.firebase:firebase-firestore:21.2.1] AndroidManifest.xml:21:17-111
78                android:value="com.google.firebase.components.ComponentRegistrar" />
78-->[com.google.firebase:firebase-firestore:21.2.1] AndroidManifest.xml:22:17-82
79            <meta-data
79-->[com.google.firebase:firebase-auth:19.1.0] AndroidManifest.xml:36:13-38:85
80                android:name="com.google.firebase.components:com.google.firebase.auth.FirebaseAuthRegistrar"
80-->[com.google.firebase:firebase-auth:19.1.0] AndroidManifest.xml:37:17-109
81                android:value="com.google.firebase.components.ComponentRegistrar" />
81-->[com.google.firebase:firebase-auth:19.1.0] AndroidManifest.xml:38:17-82
82            <meta-data
82-->[com.google.firebase:firebase-ml-vision:23.0.0] AndroidManifest.xml:12:13-14:85
83                android:name="com.google.firebase.components:com.google.firebase.ml.vision.VisionRegistrar"
83-->[com.google.firebase:firebase-ml-vision:23.0.0] AndroidManifest.xml:13:17-108
84                android:value="com.google.firebase.components.ComponentRegistrar" />
84-->[com.google.firebase:firebase-ml-vision:23.0.0] AndroidManifest.xml:14:17-82
85            <meta-data
85-->[com.google.firebase:firebase-database:19.2.0] AndroidManifest.xml:32:13-34:85
86                android:name="com.google.firebase.components:com.google.firebase.database.DatabaseRegistrar"
86-->[com.google.firebase:firebase-database:19.2.0] AndroidManifest.xml:33:17-109
87                android:value="com.google.firebase.components.ComponentRegistrar" />
87-->[com.google.firebase:firebase-database:19.2.0] AndroidManifest.xml:34:17-82
88            <meta-data
88-->[com.google.firebase:firebase-ml-common:21.0.0] AndroidManifest.xml:11:13-13:85
89                android:name="com.google.firebase.components:com.google.firebase.ml.common.CommonComponentRegistrar"
89-->[com.google.firebase:firebase-ml-common:21.0.0] AndroidManifest.xml:12:17-117
90                android:value="com.google.firebase.components.ComponentRegistrar" />
90-->[com.google.firebase:firebase-ml-common:21.0.0] AndroidManifest.xml:13:17-82
91            <meta-data
91-->[com.google.firebase:firebase-measurement-connector-impl:17.0.2] AndroidManifest.xml:28:13-30:85
92                android:name="com.google.firebase.components:com.google.firebase.analytics.connector.internal.AnalyticsConnectorRegistrar"
92-->[com.google.firebase:firebase-measurement-connector-impl:17.0.2] AndroidManifest.xml:29:17-139
93                android:value="com.google.firebase.components.ComponentRegistrar" />
93-->[com.google.firebase:firebase-measurement-connector-impl:17.0.2] AndroidManifest.xml:30:17-82
94            <meta-data
94-->[com.google.firebase:firebase-iid:19.0.0] AndroidManifest.xml:32:13-34:85
95                android:name="com.google.firebase.components:com.google.firebase.iid.Registrar"
95-->[com.google.firebase:firebase-iid:19.0.0] AndroidManifest.xml:33:17-96
96                android:value="com.google.firebase.components.ComponentRegistrar" />
96-->[com.google.firebase:firebase-iid:19.0.0] AndroidManifest.xml:34:17-82
97        </service>
98
99        <meta-data
99-->[com.firebaseui:firebase-ui-auth:4.3.1] AndroidManifest.xml:19:9-21:63
100            android:name="com.facebook.sdk.ApplicationId"
100-->[com.firebaseui:firebase-ui-auth:4.3.1] AndroidManifest.xml:20:13-58
101            android:value="@string/facebook_application_id" />
101-->[com.firebaseui:firebase-ui-auth:4.3.1] AndroidManifest.xml:21:13-60
102
103        <activity
103-->[com.firebaseui:firebase-ui-auth:4.3.1] AndroidManifest.xml:23:9-27:61
104            android:name="com.firebase.ui.auth.KickoffActivity"
104-->[com.firebaseui:firebase-ui-auth:4.3.1] AndroidManifest.xml:24:13-64
105            android:exported="false"
105-->[com.firebaseui:firebase-ui-auth:4.3.1] AndroidManifest.xml:25:13-37
106            android:label=""
106-->[com.firebaseui:firebase-ui-auth:4.3.1] AndroidManifest.xml:26:13-29
107            android:theme="@style/FirebaseUI.Transparent" />
107-->[com.firebaseui:firebase-ui-auth:4.3.1] AndroidManifest.xml:27:13-58
108        <activity
108-->[com.firebaseui:firebase-ui-auth:4.3.1] AndroidManifest.xml:28:9-32:61
109            android:name="com.firebase.ui.auth.ui.idp.SingleSignInActivity"
109-->[com.firebaseui:firebase-ui-auth:4.3.1] AndroidManifest.xml:29:13-76
110            android:exported="false"
110-->[com.firebaseui:firebase-ui-auth:4.3.1] AndroidManifest.xml:30:13-37
111            android:label=""
111-->[com.firebaseui:firebase-ui-auth:4.3.1] AndroidManifest.xml:31:13-29
112            android:theme="@style/FirebaseUI.Transparent" />
112-->[com.firebaseui:firebase-ui-auth:4.3.1] AndroidManifest.xml:32:13-58
113        <activity
113-->[com.firebaseui:firebase-ui-auth:4.3.1] AndroidManifest.xml:33:9-37:61
114            android:name="com.firebase.ui.auth.ui.credentials.CredentialSaveActivity"
114-->[com.firebaseui:firebase-ui-auth:4.3.1] AndroidManifest.xml:34:13-86
115            android:exported="false"
115-->[com.firebaseui:firebase-ui-auth:4.3.1] AndroidManifest.xml:35:13-37
116            android:label=""
116-->[com.firebaseui:firebase-ui-auth:4.3.1] AndroidManifest.xml:36:13-29
117            android:theme="@style/FirebaseUI.Transparent" />
117-->[com.firebaseui:firebase-ui-auth:4.3.1] AndroidManifest.xml:37:13-58
118        <activity
118-->[com.firebaseui:firebase-ui-auth:4.3.1] AndroidManifest.xml:38:9-42:58
119            android:name="com.firebase.ui.auth.ui.email.RecoverPasswordActivity"
119-->[com.firebaseui:firebase-ui-auth:4.3.1] AndroidManifest.xml:39:13-81
120            android:exported="false"
120-->[com.firebaseui:firebase-ui-auth:4.3.1] AndroidManifest.xml:40:13-37
121            android:label="@string/fui_title_recover_password_activity"
121-->[com.firebaseui:firebase-ui-auth:4.3.1] AndroidManifest.xml:41:13-72
122            android:windowSoftInputMode="adjustResize" />
122-->[com.firebaseui:firebase-ui-auth:4.3.1] AndroidManifest.xml:42:13-55
123        <activity
123-->[com.firebaseui:firebase-ui-auth:4.3.1] AndroidManifest.xml:43:9-47:58
124            android:name="com.firebase.ui.auth.ui.email.EmailActivity"
124-->[com.firebaseui:firebase-ui-auth:4.3.1] AndroidManifest.xml:44:13-71
125            android:exported="false"
125-->[com.firebaseui:firebase-ui-auth:4.3.1] AndroidManifest.xml:45:13-37
126            android:label="@string/fui_sign_in_default"
126-->[com.firebaseui:firebase-ui-auth:4.3.1] AndroidManifest.xml:46:13-56
127            android:windowSoftInputMode="adjustResize" />
127-->[com.firebaseui:firebase-ui-auth:4.3.1] AndroidManifest.xml:47:13-55
128        <activity
128-->[com.firebaseui:firebase-ui-auth:4.3.1] AndroidManifest.xml:48:9-52:77
129            android:name="com.firebase.ui.auth.ui.phone.PhoneActivity"
129-->[com.firebaseui:firebase-ui-auth:4.3.1] AndroidManifest.xml:49:13-71
130            android:exported="false"
130-->[com.firebaseui:firebase-ui-auth:4.3.1] AndroidManifest.xml:50:13-37
131            android:label="@string/fui_sign_in_with_phone_number"
131-->[com.firebaseui:firebase-ui-auth:4.3.1] AndroidManifest.xml:51:13-66
132            android:windowSoftInputMode="adjustResize|stateAlwaysVisible" />
132-->[com.firebaseui:firebase-ui-auth:4.3.1] AndroidManifest.xml:52:13-74
133        <activity
133-->[com.firebaseui:firebase-ui-auth:4.3.1] AndroidManifest.xml:53:9-57:58
134            android:name="com.firebase.ui.auth.ui.idp.WelcomeBackIdpPrompt"
134-->[com.firebaseui:firebase-ui-auth:4.3.1] AndroidManifest.xml:54:13-76
135            android:exported="false"
135-->[com.firebaseui:firebase-ui-auth:4.3.1] AndroidManifest.xml:55:13-37
136            android:label="@string/fui_title_welcome_back_idp_prompt"
136-->[com.firebaseui:firebase-ui-auth:4.3.1] AndroidManifest.xml:56:13-70
137            android:windowSoftInputMode="adjustResize" />
137-->[com.firebaseui:firebase-ui-auth:4.3.1] AndroidManifest.xml:57:13-55
138        <activity
138-->[com.firebaseui:firebase-ui-auth:4.3.1] AndroidManifest.xml:58:9-62:58
139            android:name="com.firebase.ui.auth.ui.email.WelcomeBackPasswordPrompt"
139-->[com.firebaseui:firebase-ui-auth:4.3.1] AndroidManifest.xml:59:13-83
140            android:exported="false"
140-->[com.firebaseui:firebase-ui-auth:4.3.1] AndroidManifest.xml:60:13-37
141            android:label="@string/fui_title_welcome_back_password_prompt"
141-->[com.firebaseui:firebase-ui-auth:4.3.1] AndroidManifest.xml:61:13-75
142            android:windowSoftInputMode="adjustResize" />
142-->[com.firebaseui:firebase-ui-auth:4.3.1] AndroidManifest.xml:62:13-55
143        <activity
143-->[com.firebaseui:firebase-ui-auth:4.3.1] AndroidManifest.xml:63:9-67:58
144            android:name="com.firebase.ui.auth.ui.email.WelcomeBackEmailLinkPrompt"
144-->[com.firebaseui:firebase-ui-auth:4.3.1] AndroidManifest.xml:64:13-84
145            android:exported="false"
145-->[com.firebaseui:firebase-ui-auth:4.3.1] AndroidManifest.xml:65:13-37
146            android:label="@string/fui_title_welcome_back_password_prompt"
146-->[com.firebaseui:firebase-ui-auth:4.3.1] AndroidManifest.xml:66:13-75
147            android:windowSoftInputMode="adjustResize" />
147-->[com.firebaseui:firebase-ui-auth:4.3.1] AndroidManifest.xml:67:13-55
148        <activity
148-->[com.firebaseui:firebase-ui-auth:4.3.1] AndroidManifest.xml:68:9-73:58
149            android:name="com.firebase.ui.auth.ui.email.EmailLinkCatcherActivity"
149-->[com.firebaseui:firebase-ui-auth:4.3.1] AndroidManifest.xml:69:13-82
150            android:exported="false"
150-->[com.firebaseui:firebase-ui-auth:4.3.1] AndroidManifest.xml:70:13-37
151            android:label=""
151-->[com.firebaseui:firebase-ui-auth:4.3.1] AndroidManifest.xml:71:13-29
152            android:theme="@style/FirebaseUI.Transparent"
152-->[com.firebaseui:firebase-ui-auth:4.3.1] AndroidManifest.xml:72:13-58
153            android:windowSoftInputMode="adjustResize" />
153-->[com.firebaseui:firebase-ui-auth:4.3.1] AndroidManifest.xml:73:13-55
154        <activity
154-->[com.firebaseui:firebase-ui-auth:4.3.1] AndroidManifest.xml:74:9-78:58
155            android:name="com.firebase.ui.auth.ui.email.EmailLinkErrorRecoveryActivity"
155-->[com.firebaseui:firebase-ui-auth:4.3.1] AndroidManifest.xml:75:13-88
156            android:exported="false"
156-->[com.firebaseui:firebase-ui-auth:4.3.1] AndroidManifest.xml:76:13-37
157            android:label="@string/fui_sign_in_default"
157-->[com.firebaseui:firebase-ui-auth:4.3.1] AndroidManifest.xml:77:13-56
158            android:windowSoftInputMode="adjustResize" />
158-->[com.firebaseui:firebase-ui-auth:4.3.1] AndroidManifest.xml:78:13-55
159        <activity
159-->[com.firebaseui:firebase-ui-auth:4.3.1] AndroidManifest.xml:79:9-82:65
160            android:name="com.firebase.ui.auth.ui.idp.AuthMethodPickerActivity"
160-->[com.firebaseui:firebase-ui-auth:4.3.1] AndroidManifest.xml:80:13-80
161            android:exported="false"
161-->[com.firebaseui:firebase-ui-auth:4.3.1] AndroidManifest.xml:81:13-37
162            android:label="@string/fui_default_toolbar_title" />
162-->[com.firebaseui:firebase-ui-auth:4.3.1] AndroidManifest.xml:82:13-62
163        <activity
163-->[com.firebaseui:firebase-ui-auth:4.3.1] AndroidManifest.xml:83:9-87:48
164            android:name="com.facebook.FacebookActivity"
164-->[com.firebaseui:firebase-ui-auth:4.3.1] AndroidManifest.xml:84:13-57
165            android:configChanges="keyboard|keyboardHidden|screenLayout|screenSize|orientation"
165-->[com.firebaseui:firebase-ui-auth:4.3.1] AndroidManifest.xml:85:13-96
166            android:label="@string/app_name" />
166-->[com.firebaseui:firebase-ui-auth:4.3.1] AndroidManifest.xml:86:13-45
167        <activity
167-->[com.firebaseui:firebase-ui-auth:4.3.1] AndroidManifest.xml:88:9-100:20
168            android:name="com.facebook.CustomTabActivity"
168-->[com.firebaseui:firebase-ui-auth:4.3.1] AndroidManifest.xml:89:13-58
169            android:exported="true" >
169-->[com.firebaseui:firebase-ui-auth:4.3.1] AndroidManifest.xml:90:13-36
170            <intent-filter>
170-->[com.firebaseui:firebase-ui-auth:4.3.1] AndroidManifest.xml:92:13-99:29
171                <action android:name="android.intent.action.VIEW" />
171-->[com.firebaseui:firebase-ui-auth:4.3.1] AndroidManifest.xml:93:17-69
171-->[com.firebaseui:firebase-ui-auth:4.3.1] AndroidManifest.xml:93:25-66
172
173                <category android:name="android.intent.category.DEFAULT" />
173-->[com.firebaseui:firebase-ui-auth:4.3.1] AndroidManifest.xml:95:17-76
173-->[com.firebaseui:firebase-ui-auth:4.3.1] AndroidManifest.xml:95:27-73
174                <category android:name="android.intent.category.BROWSABLE" />
174-->[com.firebaseui:firebase-ui-auth:4.3.1] AndroidManifest.xml:96:17-78
174-->[com.firebaseui:firebase-ui-auth:4.3.1] AndroidManifest.xml:96:27-75
175
176                <data android:scheme="@string/facebook_login_protocol_scheme" />
176-->[com.firebaseui:firebase-ui-auth:4.3.1] AndroidManifest.xml:98:17-81
176-->[com.firebaseui:firebase-ui-auth:4.3.1] AndroidManifest.xml:98:23-78
177            </intent-filter>
178        </activity>
179
180        <provider
180-->[com.firebaseui:firebase-ui-auth:4.3.1] AndroidManifest.xml:102:9-106:38
181            android:name="com.firebase.ui.auth.data.client.AuthUiInitProvider"
181-->[com.firebaseui:firebase-ui-auth:4.3.1] AndroidManifest.xml:103:13-79
182            android:authorities="com.google.firebase.ml.md.authuiinitprovider"
182-->[com.firebaseui:firebase-ui-auth:4.3.1] AndroidManifest.xml:104:13-70
183            android:exported="false"
183-->[com.firebaseui:firebase-ui-auth:4.3.1] AndroidManifest.xml:105:13-37
184            android:initOrder="90" />
184-->[com.firebaseui:firebase-ui-auth:4.3.1] AndroidManifest.xml:106:13-35
185
186        <activity
186-->[com.google.firebase:firebase-auth:19.1.0] AndroidManifest.xml:24:9-31:50
187            android:name="com.google.firebase.auth.internal.FederatedSignInActivity"
187-->[com.google.firebase:firebase-auth:19.1.0] AndroidManifest.xml:25:13-85
188            android:excludeFromRecents="true"
188-->[com.google.firebase:firebase-auth:19.1.0] AndroidManifest.xml:26:13-46
189            android:exported="true"
189-->[com.google.firebase:firebase-auth:19.1.0] AndroidManifest.xml:27:13-36
190            android:launchMode="singleTask"
190-->[com.google.firebase:firebase-auth:19.1.0] AndroidManifest.xml:28:13-44
191            android:permission="com.google.firebase.auth.api.gms.permission.LAUNCH_FEDERATED_SIGN_IN"
191-->[com.google.firebase:firebase-auth:19.1.0] AndroidManifest.xml:29:13-102
192            android:theme="@android:style/Theme.Translucent.NoTitleBar" />
192-->[com.google.firebase:firebase-auth:19.1.0] AndroidManifest.xml:30:13-72
193        <activity
193-->[com.google.android.gms:play-services-auth:16.0.1] AndroidManifest.xml:23:9-27:75
194            android:name="com.google.android.gms.auth.api.signin.internal.SignInHubActivity"
194-->[com.google.android.gms:play-services-auth:16.0.1] AndroidManifest.xml:24:13-93
195            android:excludeFromRecents="true"
195-->[com.google.android.gms:play-services-auth:16.0.1] AndroidManifest.xml:25:13-46
196            android:exported="false"
196-->[com.google.android.gms:play-services-auth:16.0.1] AndroidManifest.xml:26:13-37
197            android:theme="@android:style/Theme.Translucent.NoTitleBar" />
197-->[com.google.android.gms:play-services-auth:16.0.1] AndroidManifest.xml:27:13-72
198        <!--
199            Service handling Google Sign-In user revocation. For apps that do not integrate with
200            Google Sign-In, this service will never be started.
201        -->
202        <service
202-->[com.google.android.gms:play-services-auth:16.0.1] AndroidManifest.xml:33:9-36:110
203            android:name="com.google.android.gms.auth.api.signin.RevocationBoundService"
203-->[com.google.android.gms:play-services-auth:16.0.1] AndroidManifest.xml:34:13-89
204            android:exported="true"
204-->[com.google.android.gms:play-services-auth:16.0.1] AndroidManifest.xml:35:13-36
205            android:permission="com.google.android.gms.auth.api.signin.permission.REVOCATION_NOTIFICATION" />
205-->[com.google.android.gms:play-services-auth:16.0.1] AndroidManifest.xml:36:13-107
206
207        <receiver
207-->[com.google.firebase:firebase-analytics:16.0.4] AndroidManifest.xml:29:9-33:20
208            android:name="com.google.android.gms.measurement.AppMeasurementReceiver"
208-->[com.google.firebase:firebase-analytics:16.0.4] AndroidManifest.xml:30:13-85
209            android:enabled="true"
209-->[com.google.firebase:firebase-analytics:16.0.4] AndroidManifest.xml:31:13-35
210            android:exported="false" >
210-->[com.google.firebase:firebase-analytics:16.0.4] AndroidManifest.xml:32:13-37
211        </receiver>
212        <receiver
212-->[com.google.firebase:firebase-analytics:16.0.4] AndroidManifest.xml:34:9-42:20
213            android:name="com.google.android.gms.measurement.AppMeasurementInstallReferrerReceiver"
213-->[com.google.firebase:firebase-analytics:16.0.4] AndroidManifest.xml:35:13-100
214            android:enabled="true"
214-->[com.google.firebase:firebase-analytics:16.0.4] AndroidManifest.xml:36:13-35
215            android:exported="true"
215-->[com.google.firebase:firebase-analytics:16.0.4] AndroidManifest.xml:37:13-36
216            android:permission="android.permission.INSTALL_PACKAGES" >
216-->[com.google.firebase:firebase-analytics:16.0.4] AndroidManifest.xml:38:13-69
217            <intent-filter>
217-->[com.google.firebase:firebase-analytics:16.0.4] AndroidManifest.xml:39:13-41:29
218                <action android:name="com.android.vending.INSTALL_REFERRER" />
218-->[com.google.firebase:firebase-analytics:16.0.4] AndroidManifest.xml:40:17-79
218-->[com.google.firebase:firebase-analytics:16.0.4] AndroidManifest.xml:40:25-76
219            </intent-filter>
220        </receiver>
221
222        <service
222-->[com.google.firebase:firebase-analytics:16.0.4] AndroidManifest.xml:44:9-47:40
223            android:name="com.google.android.gms.measurement.AppMeasurementService"
223-->[com.google.firebase:firebase-analytics:16.0.4] AndroidManifest.xml:45:13-84
224            android:enabled="true"
224-->[com.google.firebase:firebase-analytics:16.0.4] AndroidManifest.xml:46:13-35
225            android:exported="false" />
225-->[com.google.firebase:firebase-analytics:16.0.4] AndroidManifest.xml:47:13-37
226        <service
226-->[com.google.firebase:firebase-analytics:16.0.4] AndroidManifest.xml:48:9-52:72
227            android:name="com.google.android.gms.measurement.AppMeasurementJobService"
227-->[com.google.firebase:firebase-analytics:16.0.4] AndroidManifest.xml:49:13-87
228            android:enabled="true"
228-->[com.google.firebase:firebase-analytics:16.0.4] AndroidManifest.xml:50:13-35
229            android:exported="false"
229-->[com.google.firebase:firebase-analytics:16.0.4] AndroidManifest.xml:51:13-37
230            android:permission="android.permission.BIND_JOB_SERVICE" />
230-->[com.google.firebase:firebase-analytics:16.0.4] AndroidManifest.xml:52:13-69
231
232        <receiver
232-->[com.google.firebase:firebase-iid:19.0.0] AndroidManifest.xml:37:9-44:20
233            android:name="com.google.firebase.iid.FirebaseInstanceIdReceiver"
233-->[com.google.firebase:firebase-iid:19.0.0] AndroidManifest.xml:38:13-78
234            android:exported="true"
234-->[com.google.firebase:firebase-iid:19.0.0] AndroidManifest.xml:39:13-36
235            android:permission="com.google.android.c2dm.permission.SEND" >
235-->[com.google.firebase:firebase-iid:19.0.0] AndroidManifest.xml:40:13-73
236            <intent-filter>
236-->[com.google.firebase:firebase-iid:19.0.0] AndroidManifest.xml:41:13-43:29
237                <action android:name="com.google.android.c2dm.intent.RECEIVE" />
237-->[com.google.firebase:firebase-iid:19.0.0] AndroidManifest.xml:42:17-81
237-->[com.google.firebase:firebase-iid:19.0.0] AndroidManifest.xml:42:25-78
238            </intent-filter>
239        </receiver>
240
241        <activity
241-->[com.google.android.gms:play-services-base:17.1.0] AndroidManifest.xml:23:9-26:75
242            android:name="com.google.android.gms.common.api.GoogleApiActivity"
242-->[com.google.android.gms:play-services-base:17.1.0] AndroidManifest.xml:24:13-79
243            android:exported="false"
243-->[com.google.android.gms:play-services-base:17.1.0] AndroidManifest.xml:25:13-37
244            android:theme="@android:style/Theme.Translucent.NoTitleBar" />
244-->[com.google.android.gms:play-services-base:17.1.0] AndroidManifest.xml:26:13-72
245
246        <provider
246-->[com.google.firebase:firebase-common:19.2.0] AndroidManifest.xml:19:9-23:39
247            android:name="com.google.firebase.provider.FirebaseInitProvider"
247-->[com.google.firebase:firebase-common:19.2.0] AndroidManifest.xml:20:13-77
248            android:authorities="com.google.firebase.ml.md.firebaseinitprovider"
248-->[com.google.firebase:firebase-common:19.2.0] AndroidManifest.xml:21:13-72
249            android:exported="false"
249-->[com.google.firebase:firebase-common:19.2.0] AndroidManifest.xml:22:13-37
250            android:initOrder="100" />
250-->[com.google.firebase:firebase-common:19.2.0] AndroidManifest.xml:23:13-36
251        <provider
251-->[androidx.lifecycle:lifecycle-process:2.1.0] AndroidManifest.xml:23:9-27:43
252            android:name="androidx.lifecycle.ProcessLifecycleOwnerInitializer"
252-->[androidx.lifecycle:lifecycle-process:2.1.0] AndroidManifest.xml:24:13-79
253            android:authorities="com.google.firebase.ml.md.lifecycle-process"
253-->[androidx.lifecycle:lifecycle-process:2.1.0] AndroidManifest.xml:25:13-69
254            android:exported="false"
254-->[androidx.lifecycle:lifecycle-process:2.1.0] AndroidManifest.xml:26:13-37
255            android:multiprocess="true" />
255-->[androidx.lifecycle:lifecycle-process:2.1.0] AndroidManifest.xml:27:13-40
256    </application>
257
258</manifest>